<?xml version="1.0" encoding="UTF-8"?>
<!-- Generated by org.testng.reporters.JUnitXMLReporter -->
<testsuite hostname="DESKTOP-35O655N" ignored="0" name="Default test" tests="4" failures="0" timestamp="2020-07-20T16:21:34 IST" time="82.568" errors="0">
  <testcase name="verifyPageTitle" time="0.313" classname="com.qa.test.VehicleStore"/>
  <testcase name="verifySubmitButton" time="5.594" classname="com.qa.test.VehicleStore"/>
  <testcase name="verifyHomePageHeader" time="0.121" classname="com.qa.test.VehicleStore"/>
  <testcase name="verifyVehicleListOfValues" time="1.443" classname="com.qa.test.VehicleStore"/>
</testsuite> <!-- Default test -->
